<?xml version="1.0" encoding="UTF-8"?>
<!-- Generated by org.testng.reporters.JUnitReportReporter -->
<testsuite skipped="0" hostname="DESKTOP-E205GQ8" name="com.testautomation.grid.AppiumSeGridDemo" tests="2" failures="0" timestamp="22 Nov 2020 14:46:32 GMT" time="77.791" errors="0">
  <testcase name="test1" time="50.764" classname="com.testautomation.grid.AppiumSeGridDemo"/>
  <testcase name="test2" time="27.027" classname="com.testautomation.grid.AppiumSeGridDemo"/>
</testsuite> <!-- com.testautomation.grid.AppiumSeGridDemo -->
