<?xml version="1.0" encoding="UTF-8"?>
<!-- Generated by org.testng.reporters.JUnitReportReporter -->
<testsuite skipped="0" hostname="si-anbunathanr" name="com.example.appium.AndroidBasicInteractionsTest" tests="2" failures="0" timestamp="05 Aug 2019 10:09:57 GMT" time="3.424" errors="2">
  <testcase name="testSendKeys" time="1.748" classname="com.example.appium.AndroidBasicInteractionsTest">
    <error type="org.openqa.selenium.InvalidSelectorException" message="Locator Strategy &#039;css selector&#039; is not supported for this session
For documentation on this error, please visit: http://seleniumhq.org/exceptions/invalid_selector_exception.html
Build info: version: &#039;3.5.3&#039;, revision: &#039;a88d25fe6b&#039;, time: &#039;2017-08-29T12:42:44.417Z&#039;
System info: host: &#039;SI-ANBUNATHANR&#039;, ip: &#039;10.221.37.31&#039;, os.name: &#039;Windows 7&#039;, os.arch: &#039;amd64&#039;, os.version: &#039;6.1&#039;, java.version: &#039;1.8.0_211&#039;
Driver info: io.appium.java_client.android.AndroidDriver
Capabilities [{app=D:\Training\Appium\Exercise\apps\ApiDemos-debug.apk, appPackage=io.appium.android.apis, deviceScreenSize=1440x2560, networkConnectionEnabled=true, statBarHeight=96, warnings={}, viewportRect={top=96, left=0, width=1440, height=2296}, databaseEnabled=false, deviceName=LGH8451bb031b0, platform=LINUX, deviceUDID=LGH8451bb031b0, desired={app=D:\Training\Appium\Exercise\apps\ApiDemos-debug.apk, platformName=Android, deviceName=Android Emulator}, platformVersion=6.0.1, pixelRatio=4, webStorageEnabled=false, locationContextEnabled=false, takesScreenshot=true, javascriptEnabled=true, deviceScreenDensity=640, deviceModel=LG-H845, deviceApiLevel=23, deviceManufacturer=LGE, platformName=LINUX}]
Session ID: bdd16cc3-9d65-4f08-9916-27072ae27675
*** Element info: {Using=id, value=txt_query_prefill}">
      <![CDATA[org.openqa.selenium.InvalidSelectorException: Locator Strategy 'css selector' is not supported for this session
For documentation on this error, please visit: http://seleniumhq.org/exceptions/invalid_selector_exception.html
Build info: version: '3.5.3', revision: 'a88d25fe6b', time: '2017-08-29T12:42:44.417Z'
System info: host: 'SI-ANBUNATHANR', ip: '10.221.37.31', os.name: 'Windows 7', os.arch: 'amd64', os.version: '6.1', java.version: '1.8.0_211'
Driver info: io.appium.java_client.android.AndroidDriver
Capabilities [{app=D:\Training\Appium\Exercise\apps\ApiDemos-debug.apk, appPackage=io.appium.android.apis, deviceScreenSize=1440x2560, networkConnectionEnabled=true, statBarHeight=96, warnings={}, viewportRect={top=96, left=0, width=1440, height=2296}, databaseEnabled=false, deviceName=LGH8451bb031b0, platform=LINUX, deviceUDID=LGH8451bb031b0, desired={app=D:\Training\Appium\Exercise\apps\ApiDemos-debug.apk, platformName=Android, deviceName=Android Emulator}, platformVersion=6.0.1, pixelRatio=4, webStorageEnabled=false, locationContextEnabled=false, takesScreenshot=true, javascriptEnabled=true, deviceScreenDensity=640, deviceModel=LG-H845, deviceApiLevel=23, deviceManufacturer=LGE, platformName=LINUX}]
Session ID: bdd16cc3-9d65-4f08-9916-27072ae27675
*** Element info: {Using=id, value=txt_query_prefill}
at sun.reflect.NativeConstructorAccessorImpl.newInstance0(Native Method)
at sun.reflect.NativeConstructorAccessorImpl.newInstance(Unknown Source)
at sun.reflect.DelegatingConstructorAccessorImpl.newInstance(Unknown Source)
at java.lang.reflect.Constructor.newInstance(Unknown Source)
at org.openqa.selenium.remote.http.W3CHttpResponseCodec.createException(W3CHttpResponseCodec.java:185)
at org.openqa.selenium.remote.http.W3CHttpResponseCodec.decode(W3CHttpResponseCodec.java:120)
at org.openqa.selenium.remote.http.W3CHttpResponseCodec.decode(W3CHttpResponseCodec.java:49)
at org.openqa.selenium.remote.HttpCommandExecutor.execute(HttpCommandExecutor.java:164)
at io.appium.java_client.remote.AppiumCommandExecutor.execute(AppiumCommandExecutor.java:89)
at org.openqa.selenium.remote.RemoteWebDriver.execute(RemoteWebDriver.java:646)
at io.appium.java_client.DefaultGenericMobileDriver.execute(DefaultGenericMobileDriver.java:42)
at io.appium.java_client.AppiumDriver.execute(AppiumDriver.java:1)
at io.appium.java_client.android.AndroidDriver.execute(AndroidDriver.java:1)
at org.openqa.selenium.remote.RemoteWebDriver.findElement(RemoteWebDriver.java:416)
at io.appium.java_client.DefaultGenericMobileDriver.findElement(DefaultGenericMobileDriver.java:62)
at io.appium.java_client.AppiumDriver.findElement(AppiumDriver.java:1)
at io.appium.java_client.android.AndroidDriver.findElement(AndroidDriver.java:1)
at org.openqa.selenium.remote.RemoteWebDriver.findElementById(RemoteWebDriver.java:462)
at io.appium.java_client.DefaultGenericMobileDriver.findElementById(DefaultGenericMobileDriver.java:70)
at io.appium.java_client.AppiumDriver.findElementById(AppiumDriver.java:1)
at io.appium.java_client.android.AndroidDriver.findElementById(AndroidDriver.java:1)
at com.example.appium.AndroidBasicInteractionsTest.testSendKeys(AndroidBasicInteractionsTest.java:45)
at sun.reflect.NativeMethodAccessorImpl.invoke0(Native Method)
at sun.reflect.NativeMethodAccessorImpl.invoke(Unknown Source)
at sun.reflect.DelegatingMethodAccessorImpl.invoke(Unknown Source)
at java.lang.reflect.Method.invoke(Unknown Source)
at org.testng.internal.MethodInvocationHelper.invokeMethod(MethodInvocationHelper.java:124)
at org.testng.internal.Invoker.invokeMethod(Invoker.java:583)
at org.testng.internal.Invoker.invokeTestMethod(Invoker.java:719)
at org.testng.internal.Invoker.invokeTestMethods(Invoker.java:989)
at org.testng.internal.TestMethodWorker.invokeTestMethods(TestMethodWorker.java:125)
at org.testng.internal.TestMethodWorker.run(TestMethodWorker.java:109)
at org.testng.TestRunner.privateRun(TestRunner.java:648)
at org.testng.TestRunner.run(TestRunner.java:505)
at org.testng.SuiteRunner.runTest(SuiteRunner.java:455)
at org.testng.SuiteRunner.runSequentially(SuiteRunner.java:450)
at org.testng.SuiteRunner.privateRun(SuiteRunner.java:415)
at org.testng.SuiteRunner.run(SuiteRunner.java:364)
at org.testng.SuiteRunnerWorker.runSuite(SuiteRunnerWorker.java:52)
at org.testng.SuiteRunnerWorker.run(SuiteRunnerWorker.java:84)
at org.testng.TestNG.runSuitesSequentially(TestNG.java:1208)
at org.testng.TestNG.runSuitesLocally(TestNG.java:1137)
at org.testng.TestNG.runSuites(TestNG.java:1049)
at org.testng.TestNG.run(TestNG.java:1017)
at org.testng.remote.AbstractRemoteTestNG.run(AbstractRemoteTestNG.java:115)
at org.testng.remote.RemoteTestNG.initAndRun(RemoteTestNG.java:251)
at org.testng.remote.RemoteTestNG.main(RemoteTestNG.java:77)
]]>
    </error>
  </testcase> <!-- testSendKeys -->
  <testcase name="testOpensAlert" time="1.676" classname="com.example.appium.AndroidBasicInteractionsTest">
    <error type="org.openqa.selenium.InvalidSelectorException" message="Locator Strategy &#039;css selector&#039; is not supported for this session
For documentation on this error, please visit: http://seleniumhq.org/exceptions/invalid_selector_exception.html
Build info: version: &#039;3.5.3&#039;, revision: &#039;a88d25fe6b&#039;, time: &#039;2017-08-29T12:42:44.417Z&#039;
System info: host: &#039;SI-ANBUNATHANR&#039;, ip: &#039;10.221.37.31&#039;, os.name: &#039;Windows 7&#039;, os.arch: &#039;amd64&#039;, os.version: &#039;6.1&#039;, java.version: &#039;1.8.0_211&#039;
Driver info: io.appium.java_client.android.AndroidDriver
Capabilities [{app=D:\Training\Appium\Exercise\apps\ApiDemos-debug.apk, appPackage=io.appium.android.apis, deviceScreenSize=1440x2560, networkConnectionEnabled=true, statBarHeight=96, warnings={}, viewportRect={top=96, left=0, width=1440, height=2296}, databaseEnabled=false, deviceName=LGH8451bb031b0, platform=LINUX, deviceUDID=LGH8451bb031b0, desired={app=D:\Training\Appium\Exercise\apps\ApiDemos-debug.apk, platformName=Android, deviceName=Android Emulator}, platformVersion=6.0.1, pixelRatio=4, webStorageEnabled=false, locationContextEnabled=false, takesScreenshot=true, javascriptEnabled=true, deviceScreenDensity=640, deviceModel=LG-H845, deviceApiLevel=23, deviceManufacturer=LGE, platformName=LINUX}]
Session ID: bdd16cc3-9d65-4f08-9916-27072ae27675
*** Element info: {Using=id, value=io.appium.android.apis:id/two_buttons}">
      <![CDATA[org.openqa.selenium.InvalidSelectorException: Locator Strategy 'css selector' is not supported for this session
For documentation on this error, please visit: http://seleniumhq.org/exceptions/invalid_selector_exception.html
Build info: version: '3.5.3', revision: 'a88d25fe6b', time: '2017-08-29T12:42:44.417Z'
System info: host: 'SI-ANBUNATHANR', ip: '10.221.37.31', os.name: 'Windows 7', os.arch: 'amd64', os.version: '6.1', java.version: '1.8.0_211'
Driver info: io.appium.java_client.android.AndroidDriver
Capabilities [{app=D:\Training\Appium\Exercise\apps\ApiDemos-debug.apk, appPackage=io.appium.android.apis, deviceScreenSize=1440x2560, networkConnectionEnabled=true, statBarHeight=96, warnings={}, viewportRect={top=96, left=0, width=1440, height=2296}, databaseEnabled=false, deviceName=LGH8451bb031b0, platform=LINUX, deviceUDID=LGH8451bb031b0, desired={app=D:\Training\Appium\Exercise\apps\ApiDemos-debug.apk, platformName=Android, deviceName=Android Emulator}, platformVersion=6.0.1, pixelRatio=4, webStorageEnabled=false, locationContextEnabled=false, takesScreenshot=true, javascriptEnabled=true, deviceScreenDensity=640, deviceModel=LG-H845, deviceApiLevel=23, deviceManufacturer=LGE, platformName=LINUX}]
Session ID: bdd16cc3-9d65-4f08-9916-27072ae27675
*** Element info: {Using=id, value=io.appium.android.apis:id/two_buttons}
at sun.reflect.NativeConstructorAccessorImpl.newInstance0(Native Method)
at sun.reflect.NativeConstructorAccessorImpl.newInstance(Unknown Source)
at sun.reflect.DelegatingConstructorAccessorImpl.newInstance(Unknown Source)
at java.lang.reflect.Constructor.newInstance(Unknown Source)
at org.openqa.selenium.remote.http.W3CHttpResponseCodec.createException(W3CHttpResponseCodec.java:185)
at org.openqa.selenium.remote.http.W3CHttpResponseCodec.decode(W3CHttpResponseCodec.java:120)
at org.openqa.selenium.remote.http.W3CHttpResponseCodec.decode(W3CHttpResponseCodec.java:49)
at org.openqa.selenium.remote.HttpCommandExecutor.execute(HttpCommandExecutor.java:164)
at io.appium.java_client.remote.AppiumCommandExecutor.execute(AppiumCommandExecutor.java:89)
at org.openqa.selenium.remote.RemoteWebDriver.execute(RemoteWebDriver.java:646)
at io.appium.java_client.DefaultGenericMobileDriver.execute(DefaultGenericMobileDriver.java:42)
at io.appium.java_client.AppiumDriver.execute(AppiumDriver.java:1)
at io.appium.java_client.android.AndroidDriver.execute(AndroidDriver.java:1)
at org.openqa.selenium.remote.RemoteWebDriver.findElement(RemoteWebDriver.java:416)
at io.appium.java_client.DefaultGenericMobileDriver.findElement(DefaultGenericMobileDriver.java:62)
at io.appium.java_client.AppiumDriver.findElement(AppiumDriver.java:1)
at io.appium.java_client.android.AndroidDriver.findElement(AndroidDriver.java:1)
at org.openqa.selenium.remote.RemoteWebDriver.findElementById(RemoteWebDriver.java:462)
at io.appium.java_client.DefaultGenericMobileDriver.findElementById(DefaultGenericMobileDriver.java:70)
at io.appium.java_client.AppiumDriver.findElementById(AppiumDriver.java:1)
at io.appium.java_client.android.AndroidDriver.findElementById(AndroidDriver.java:1)
at com.example.appium.AndroidBasicInteractionsTest.testOpensAlert(AndroidBasicInteractionsTest.java:61)
at sun.reflect.NativeMethodAccessorImpl.invoke0(Native Method)
at sun.reflect.NativeMethodAccessorImpl.invoke(Unknown Source)
at sun.reflect.DelegatingMethodAccessorImpl.invoke(Unknown Source)
at java.lang.reflect.Method.invoke(Unknown Source)
at org.testng.internal.MethodInvocationHelper.invokeMethod(MethodInvocationHelper.java:124)
at org.testng.internal.Invoker.invokeMethod(Invoker.java:583)
at org.testng.internal.Invoker.invokeTestMethod(Invoker.java:719)
at org.testng.internal.Invoker.invokeTestMethods(Invoker.java:989)
at org.testng.internal.TestMethodWorker.invokeTestMethods(TestMethodWorker.java:125)
at org.testng.internal.TestMethodWorker.run(TestMethodWorker.java:109)
at org.testng.TestRunner.privateRun(TestRunner.java:648)
at org.testng.TestRunner.run(TestRunner.java:505)
at org.testng.SuiteRunner.runTest(SuiteRunner.java:455)
at org.testng.SuiteRunner.runSequentially(SuiteRunner.java:450)
at org.testng.SuiteRunner.privateRun(SuiteRunner.java:415)
at org.testng.SuiteRunner.run(SuiteRunner.java:364)
at org.testng.SuiteRunnerWorker.runSuite(SuiteRunnerWorker.java:52)
at org.testng.SuiteRunnerWorker.run(SuiteRunnerWorker.java:84)
at org.testng.TestNG.runSuitesSequentially(TestNG.java:1208)
at org.testng.TestNG.runSuitesLocally(TestNG.java:1137)
at org.testng.TestNG.runSuites(TestNG.java:1049)
at org.testng.TestNG.run(TestNG.java:1017)
at org.testng.remote.AbstractRemoteTestNG.run(AbstractRemoteTestNG.java:115)
at org.testng.remote.RemoteTestNG.initAndRun(RemoteTestNG.java:251)
at org.testng.remote.RemoteTestNG.main(RemoteTestNG.java:77)
]]>
    </error>
  </testcase> <!-- testOpensAlert -->
</testsuite> <!-- com.example.appium.AndroidBasicInteractionsTest -->
