<?xml version="1.0" encoding="UTF-8"?>
<!-- Generated by org.testng.reporters.JUnitReportReporter -->
<testsuite skipped="0" hostname="DESKTOP-E205GQ8" name="com.example.appium.TestNGDivde" tests="1" failures="0" timestamp="2021-06-22T20:54:39 IST" time="5.058" errors="0">
  <testcase name="testDivision" time="5.058" classname="com.example.appium.TestNGDivde"/>
  <system-out/>
</testsuite> <!-- com.example.appium.TestNGDivde -->
