<?xml version="1.0" encoding="UTF-8"?>
<!-- Generated by org.testng.reporters.JUnitReportReporter -->
<testsuite skipped="0" hostname="DESKTOP-E205GQ8" name="com.example.appium.TestNGDemo" tests="1" failures="0" timestamp="2021-06-22T18:41:13 IST" time="5.465" errors="0">
  <testcase name="testAddition" time="5.465" classname="com.example.appium.TestNGDemo"/>
  <system-out/>
</testsuite> <!-- com.example.appium.TestNGDemo -->
