<?xml version="1.0" encoding="UTF-8"?>
<!-- Generated by org.testng.reporters.JUnitReportReporter -->
<testsuite skipped="0" hostname="DESKTOP-E205GQ8" name="com.example.appium.firstAppium" tests="1" failures="0" timestamp="2021-06-22T18:00:47 IST" time="52.431" errors="0">
  <testcase name="Sum" time="52.431" classname="com.example.appium.firstAppium"/>
  <system-out/>
</testsuite> <!-- com.example.appium.firstAppium -->
