<?xml version="1.0" encoding="UTF-8"?>
<!-- Generated by org.testng.reporters.JUnitReportReporter -->
<testsuite skipped="0" hostname="si-anbunathanr" name="tests.ioSampleTest" tests="1" failures="0" timestamp="05 Aug 2019 13:39:28 GMT" time="22.722" errors="0">
  <testcase name="basicTest" time="22.722" classname="tests.ioSampleTest"/>
</testsuite> <!-- tests.ioSampleTest -->
