<?xml version="1.0" encoding="UTF-8"?>
<!-- Generated by org.testng.reporters.JUnitReportReporter -->
<testsuite skipped="0" hostname="si-anbunathanr" name="com.example.appium.TestNGParallel1" tests="1" failures="0" timestamp="06 Aug 2019 07:14:16 GMT" time="19.890" errors="0">
  <testcase name="testSubtract" time="19.890" classname="com.example.appium.TestNGParallel1"/>
</testsuite> <!-- com.example.appium.TestNGParallel1 -->
