<?xml version="1.0" encoding="UTF-8"?>
<!-- Generated by org.testng.reporters.JUnitReportReporter -->
<testsuite skipped="0" hostname="si-anbunathanr" name="com.example.appium.SmokeSuite" tests="1" failures="0" timestamp="06 Aug 2019 03:23:31 GMT" time="17.943" errors="0">
  <testcase name="SmokeTest" time="17.943" classname="com.example.appium.SmokeSuite"/>
</testsuite> <!-- com.example.appium.SmokeSuite -->
